<?xml version="1.0" encoding="UTF-8"?>
<!-- Generated by org.testng.reporters.JUnitXMLReporter -->
<testsuite ignored="1" hostname="LAPTOP-RNDN99CV" failures="0" tests="1" name="Test3" time="9.157" errors="0" timestamp="2025-07-23T06:41:35 IST">
  <testcase classname="testCases.TC002_LoginTestCase" name="VerifyLogin" time="1.576"/>
  <testcase classname="testCases.TC001_AccountRegistration" name="Verify_AccountRegistration" time="0.0">
    <ignored/>
  </testcase> <!-- Verify_AccountRegistration -->
</testsuite> <!-- Test3 -->
