<?xml version="1.0" encoding="UTF-8"?>
<!-- Generated by org.testng.reporters.JUnitXMLReporter -->
<testsuite ignored="0" hostname="LAPTOP-RNDN99CV" failures="1" tests="1" name="Test(failed)" time="18.11" errors="0" timestamp="2025-07-20T13:46:41 IST">
  <testcase classname="testCases.TC001_AccountRegistration" name="Verify_AccountRegistration" time="12.077">
    <failure type="java.lang.AssertionError" message="expected [true] but found [false]">
      <![CDATA[java.lang.AssertionError: expected [true] but found [false]
at testCases.TC001_AccountRegistration.Verify_AccountRegistration(TC001_AccountRegistration.java:59)
at java.base/java.util.ArrayList.forEach(ArrayList.java:1604)
... Removed 29 stack frames]]>
    </failure>
  </testcase> <!-- Verify_AccountRegistration -->
</testsuite> <!-- Test(failed) -->
