<?xml version="1.0" encoding="UTF-8"?>
<testng-results ignored="0" total="1" passed="1" failed="0" skipped="0">
  <reporter-output>
  </reporter-output>
  <suite started-at="2025-07-23T07:11:20 IST" name="Suite" finished-at="2025-07-23T07:11:25 IST" duration-ms="5319">
    <groups>
      <group name="Master">
        <method signature="TC001_AccountRegistration.Verify_AccountRegistration()[pri:0, instance:testCases.TC001_AccountRegistration@6bf08014]" name="Verify_AccountRegistration" class="testCases.TC001_AccountRegistration"/>
      </group> <!-- Master -->
      <group name="Regression">
        <method signature="TC001_AccountRegistration.Verify_AccountRegistration()[pri:0, instance:testCases.TC001_AccountRegistration@6bf08014]" name="Verify_AccountRegistration" class="testCases.TC001_AccountRegistration"/>
      </group> <!-- Regression -->
    </groups>
    <test started-at="2025-07-23T07:11:20 IST" name="Test" finished-at="2025-07-23T07:11:25 IST" duration-ms="5319">
      <class name="testCases.TC001_AccountRegistration">
        <test-method is-config="true" signature="Setup(java.lang.String,java.lang.String)[pri:0, instance:testCases.TC001_AccountRegistration@6bf08014]" started-at="2025-07-23T07:11:20 IST" name="Setup" finished-at="2025-07-23T07:11:22 IST" duration-ms="2524" status="PASS">
          <params>
            <param index="0">
              <value>
                <![CDATA[Windows]]>
              </value>
            </param>
            <param index="1">
              <value>
                <![CDATA[chrome]]>
              </value>
            </param>
          </params>
          <reporter-output>
          </reporter-output>
        </test-method> <!-- Setup -->
        <test-method signature="Verify_AccountRegistration()[pri:0, instance:testCases.TC001_AccountRegistration@6bf08014]" started-at="2025-07-23T07:11:22 IST" name="Verify_AccountRegistration" finished-at="2025-07-23T07:11:25 IST" duration-ms="2247" status="PASS">
          <reporter-output>
          </reporter-output>
        </test-method> <!-- Verify_AccountRegistration -->
        <test-method is-config="true" signature="tearDown()[pri:0, instance:testCases.TC001_AccountRegistration@6bf08014]" started-at="2025-07-23T07:11:25 IST" name="tearDown" finished-at="2025-07-23T07:11:25 IST" duration-ms="308" status="PASS">
          <reporter-output>
          </reporter-output>
        </test-method> <!-- tearDown -->
      </class> <!-- testCases.TC001_AccountRegistration -->
    </test> <!-- Test -->
  </suite> <!-- Suite -->
</testng-results>
